{"/Users/kris/frontend-project-46/src/index.js": {"path":"/Users/kris/frontend-project-46/src/index.js","statementMap":{"0":{"start":{"line":5,"column":20},"end":{"line":26,"column":1}},"1":{"start":{"line":6,"column":16},"end":{"line":6,"column":33}},"2":{"start":{"line":7,"column":16},"end":{"line":7,"column":33}},"3":{"start":{"line":8,"column":15},"end":{"line":8,"column":43}},"4":{"start":{"line":9,"column":19},"end":{"line":9,"column":33}},"5":{"start":{"line":10,"column":15},"end":{"line":24,"column":4}},"6":{"start":{"line":11,"column":4},"end":{"line":13,"column":5}},"7":{"start":{"line":12,"column":6},"end":{"line":12,"column":58}},"8":{"start":{"line":14,"column":4},"end":{"line":16,"column":5}},"9":{"start":{"line":15,"column":6},"end":{"line":15,"column":56}},"10":{"start":{"line":17,"column":4},"end":{"line":19,"column":5}},"11":{"start":{"line":18,"column":6},"end":{"line":18,"column":60}},"12":{"start":{"line":20,"column":4},"end":{"line":22,"column":5}},"13":{"start":{"line":21,"column":6},"end":{"line":21,"column":93}},"14":{"start":{"line":23,"column":4},"end":{"line":23,"column":21}},"15":{"start":{"line":25,"column":2},"end":{"line":25,"column":14}},"16":{"start":{"line":28,"column":16},"end":{"line":45,"column":1}},"17":{"start":{"line":29,"column":17},"end":{"line":43,"column":4}},"18":{"start":{"line":30,"column":4},"end":{"line":32,"column":5}},"19":{"start":{"line":31,"column":6},"end":{"line":31,"column":46}},"20":{"start":{"line":33,"column":4},"end":{"line":35,"column":5}},"21":{"start":{"line":34,"column":6},"end":{"line":34,"column":46}},"22":{"start":{"line":36,"column":4},"end":{"line":38,"column":5}},"23":{"start":{"line":37,"column":6},"end":{"line":37,"column":46}},"24":{"start":{"line":39,"column":4},"end":{"line":41,"column":5}},"25":{"start":{"line":40,"column":6},"end":{"line":40,"column":94}},"26":{"start":{"line":42,"column":4},"end":{"line":42,"column":21}},"27":{"start":{"line":44,"column":2},"end":{"line":44,"column":38}},"28":{"start":{"line":47,"column":23},"end":{"line":47,"column":90}},"29":{"start":{"line":47,"column":37},"end":{"line":47,"column":90}},"30":{"start":{"line":49,"column":17},"end":{"line":49,"column":81}},"31":{"start":{"line":49,"column":31},"end":{"line":49,"column":81}},"32":{"start":{"line":51,"column":18},"end":{"line":51,"column":62}},"33":{"start":{"line":51,"column":32},"end":{"line":51,"column":62}},"34":{"start":{"line":53,"column":16},"end":{"line":57,"column":1}},"35":{"start":{"line":54,"column":18},"end":{"line":54,"column":38}},"36":{"start":{"line":55,"column":18},"end":{"line":55,"column":38}},"37":{"start":{"line":56,"column":2},"end":{"line":56,"column":48}}},"fnMap":{"0":{"name":"(anonymous_0)","decl":{"start":{"line":5,"column":20},"end":{"line":5,"column":21}},"loc":{"start":{"line":5,"column":36},"end":{"line":26,"column":1}},"line":5},"1":{"name":"(anonymous_1)","decl":{"start":{"line":10,"column":28},"end":{"line":10,"column":29}},"loc":{"start":{"line":10,"column":37},"end":{"line":24,"column":3}},"line":10},"2":{"name":"(anonymous_2)","decl":{"start":{"line":28,"column":16},"end":{"line":28,"column":17}},"loc":{"start":{"line":28,"column":30},"end":{"line":45,"column":1}},"line":28},"3":{"name":"(anonymous_3)","decl":{"start":{"line":29,"column":30},"end":{"line":29,"column":31}},"loc":{"start":{"line":29,"column":40},"end":{"line":43,"column":3}},"line":29},"4":{"name":"(anonymous_4)","decl":{"start":{"line":47,"column":23},"end":{"line":47,"column":24}},"loc":{"start":{"line":47,"column":37},"end":{"line":47,"column":90}},"line":47},"5":{"name":"(anonymous_5)","decl":{"start":{"line":49,"column":17},"end":{"line":49,"column":18}},"loc":{"start":{"line":49,"column":31},"end":{"line":49,"column":81}},"line":49},"6":{"name":"(anonymous_6)","decl":{"start":{"line":51,"column":18},"end":{"line":51,"column":19}},"loc":{"start":{"line":51,"column":32},"end":{"line":51,"column":62}},"line":51},"7":{"name":"(anonymous_7)","decl":{"start":{"line":53,"column":16},"end":{"line":53,"column":17}},"loc":{"start":{"line":53,"column":42},"end":{"line":57,"column":1}},"line":53}},"branchMap":{"0":{"loc":{"start":{"line":11,"column":4},"end":{"line":13,"column":5}},"type":"if","locations":[{"start":{"line":11,"column":4},"end":{"line":13,"column":5}},{"start":{},"end":{}}],"line":11},"1":{"loc":{"start":{"line":11,"column":8},"end":{"line":11,"column":45}},"type":"binary-expr","locations":[{"start":{"line":11,"column":8},"end":{"line":11,"column":24}},{"start":{"line":11,"column":28},"end":{"line":11,"column":45}}],"line":11},"2":{"loc":{"start":{"line":14,"column":4},"end":{"line":16,"column":5}},"type":"if","locations":[{"start":{"line":14,"column":4},"end":{"line":16,"column":5}},{"start":{},"end":{}}],"line":14},"3":{"loc":{"start":{"line":14,"column":8},"end":{"line":14,"column":45}},"type":"binary-expr","locations":[{"start":{"line":14,"column":8},"end":{"line":14,"column":25}},{"start":{"line":14,"column":29},"end":{"line":14,"column":45}}],"line":14},"4":{"loc":{"start":{"line":17,"column":4},"end":{"line":19,"column":5}},"type":"if","locations":[{"start":{"line":17,"column":4},"end":{"line":19,"column":5}},{"start":{},"end":{}}],"line":17},"5":{"loc":{"start":{"line":17,"column":8},"end":{"line":17,"column":71}},"type":"binary-expr","locations":[{"start":{"line":17,"column":8},"end":{"line":17,"column":24}},{"start":{"line":17,"column":28},"end":{"line":17,"column":44}},{"start":{"line":17,"column":48},"end":{"line":17,"column":71}}],"line":17},"6":{"loc":{"start":{"line":20,"column":4},"end":{"line":22,"column":5}},"type":"if","locations":[{"start":{"line":20,"column":4},"end":{"line":22,"column":5}},{"start":{},"end":{}}],"line":20},"7":{"loc":{"start":{"line":20,"column":8},"end":{"line":20,"column":71}},"type":"binary-expr","locations":[{"start":{"line":20,"column":8},"end":{"line":20,"column":24}},{"start":{"line":20,"column":28},"end":{"line":20,"column":44}},{"start":{"line":20,"column":48},"end":{"line":20,"column":71}}],"line":20},"8":{"loc":{"start":{"line":30,"column":4},"end":{"line":32,"column":5}},"type":"if","locations":[{"start":{"line":30,"column":4},"end":{"line":32,"column":5}},{"start":{},"end":{}}],"line":30},"9":{"loc":{"start":{"line":33,"column":4},"end":{"line":35,"column":5}},"type":"if","locations":[{"start":{"line":33,"column":4},"end":{"line":35,"column":5}},{"start":{},"end":{}}],"line":33},"10":{"loc":{"start":{"line":36,"column":4},"end":{"line":38,"column":5}},"type":"if","locations":[{"start":{"line":36,"column":4},"end":{"line":38,"column":5}},{"start":{},"end":{}}],"line":36},"11":{"loc":{"start":{"line":39,"column":4},"end":{"line":41,"column":5}},"type":"if","locations":[{"start":{"line":39,"column":4},"end":{"line":41,"column":5}},{"start":{},"end":{}}],"line":39}},"s":{"0":1,"1":1,"2":1,"3":1,"4":1,"5":1,"6":5,"7":2,"8":3,"9":1,"10":2,"11":1,"12":1,"13":1,"14":0,"15":1,"16":1,"17":1,"18":5,"19":2,"20":3,"21":1,"22":2,"23":1,"24":1,"25":1,"26":0,"27":1,"28":1,"29":2,"30":1,"31":2,"32":1,"33":2,"34":1,"35":1,"36":1,"37":1},"f":{"0":1,"1":5,"2":1,"3":5,"4":2,"5":2,"6":2,"7":1},"b":{"0":[2,3],"1":[5,4],"2":[1,2],"3":[3,1],"4":[1,1],"5":[2,2,2],"6":[1,0],"7":[1,1,1],"8":[2,3],"9":[1,2],"10":[1,1],"11":[1,0]},"_coverageSchema":"1a1c01bbd47fc00a2c39e90264f33305004495a9","hash":"29819b75e31f3b4fb886e6f62868f729f5220681"}
}
