{"/Users/kris/frontend-project-46/src/index.js": {"path":"/Users/kris/frontend-project-46/src/index.js","all":false,"statementMap":{"0":{"start":{"line":1,"column":0},"end":{"line":1,"column":23}},"1":{"start":{"line":2,"column":0},"end":{"line":2,"column":24}},"2":{"start":{"line":3,"column":0},"end":{"line":3,"column":20}},"3":{"start":{"line":4,"column":0},"end":{"line":4,"column":0}},"4":{"start":{"line":5,"column":0},"end":{"line":5,"column":37}},"5":{"start":{"line":6,"column":0},"end":{"line":6,"column":34}},"6":{"start":{"line":7,"column":0},"end":{"line":7,"column":34}},"7":{"start":{"line":8,"column":0},"end":{"line":8,"column":44}},"8":{"start":{"line":9,"column":0},"end":{"line":9,"column":34}},"9":{"start":{"line":10,"column":0},"end":{"line":10,"column":38}},"10":{"start":{"line":11,"column":0},"end":{"line":11,"column":48}},"11":{"start":{"line":12,"column":0},"end":{"line":12,"column":58}},"12":{"start":{"line":13,"column":0},"end":{"line":13,"column":5}},"13":{"start":{"line":14,"column":0},"end":{"line":14,"column":48}},"14":{"start":{"line":15,"column":0},"end":{"line":15,"column":56}},"15":{"start":{"line":16,"column":0},"end":{"line":16,"column":5}},"16":{"start":{"line":17,"column":0},"end":{"line":17,"column":74}},"17":{"start":{"line":18,"column":0},"end":{"line":18,"column":60}},"18":{"start":{"line":19,"column":0},"end":{"line":19,"column":5}},"19":{"start":{"line":20,"column":0},"end":{"line":20,"column":74}},"20":{"start":{"line":21,"column":0},"end":{"line":21,"column":93}},"21":{"start":{"line":22,"column":0},"end":{"line":22,"column":5}},"22":{"start":{"line":23,"column":0},"end":{"line":23,"column":21}},"23":{"start":{"line":24,"column":0},"end":{"line":24,"column":5}},"24":{"start":{"line":25,"column":0},"end":{"line":25,"column":14}},"25":{"start":{"line":26,"column":0},"end":{"line":26,"column":2}},"26":{"start":{"line":27,"column":0},"end":{"line":27,"column":0}},"27":{"start":{"line":28,"column":0},"end":{"line":28,"column":31}},"28":{"start":{"line":29,"column":0},"end":{"line":29,"column":41}},"29":{"start":{"line":30,"column":0},"end":{"line":30,"column":36}},"30":{"start":{"line":31,"column":0},"end":{"line":31,"column":46}},"31":{"start":{"line":32,"column":0},"end":{"line":32,"column":5}},"32":{"start":{"line":33,"column":0},"end":{"line":33,"column":34}},"33":{"start":{"line":34,"column":0},"end":{"line":34,"column":46}},"34":{"start":{"line":35,"column":0},"end":{"line":35,"column":5}},"35":{"start":{"line":36,"column":0},"end":{"line":36,"column":38}},"36":{"start":{"line":37,"column":0},"end":{"line":37,"column":46}},"37":{"start":{"line":38,"column":0},"end":{"line":38,"column":5}},"38":{"start":{"line":39,"column":0},"end":{"line":39,"column":36}},"39":{"start":{"line":40,"column":0},"end":{"line":40,"column":94}},"40":{"start":{"line":41,"column":0},"end":{"line":41,"column":5}},"41":{"start":{"line":42,"column":0},"end":{"line":42,"column":21}},"42":{"start":{"line":43,"column":0},"end":{"line":43,"column":5}},"43":{"start":{"line":44,"column":0},"end":{"line":44,"column":38}},"44":{"start":{"line":45,"column":0},"end":{"line":45,"column":2}},"45":{"start":{"line":46,"column":0},"end":{"line":46,"column":0}},"46":{"start":{"line":47,"column":0},"end":{"line":47,"column":91}},"47":{"start":{"line":48,"column":0},"end":{"line":48,"column":0}},"48":{"start":{"line":49,"column":0},"end":{"line":49,"column":82}},"49":{"start":{"line":50,"column":0},"end":{"line":50,"column":0}},"50":{"start":{"line":51,"column":0},"end":{"line":51,"column":63}},"51":{"start":{"line":52,"column":0},"end":{"line":52,"column":0}},"52":{"start":{"line":53,"column":0},"end":{"line":53,"column":43}},"53":{"start":{"line":54,"column":0},"end":{"line":54,"column":39}},"54":{"start":{"line":55,"column":0},"end":{"line":55,"column":39}},"55":{"start":{"line":56,"column":0},"end":{"line":56,"column":48}},"56":{"start":{"line":57,"column":0},"end":{"line":57,"column":2}},"57":{"start":{"line":58,"column":0},"end":{"line":58,"column":23}}},"s":{"0":1,"1":1,"2":1,"3":1,"4":1,"5":1,"6":1,"7":1,"8":1,"9":1,"10":5,"11":2,"12":2,"13":5,"14":1,"15":1,"16":5,"17":1,"18":1,"19":5,"20":1,"21":1,"22":0,"23":1,"24":1,"25":1,"26":1,"27":1,"28":1,"29":5,"30":2,"31":2,"32":5,"33":1,"34":1,"35":5,"36":1,"37":1,"38":1,"39":1,"40":1,"41":0,"42":1,"43":1,"44":1,"45":1,"46":1,"47":1,"48":1,"49":1,"50":1,"51":1,"52":1,"53":1,"54":1,"55":1,"56":1,"57":1},"branchMap":{"0":{"type":"branch","line":5,"loc":{"start":{"line":5,"column":20},"end":{"line":26,"column":2}},"locations":[{"start":{"line":5,"column":20},"end":{"line":26,"column":2}}]},"1":{"type":"branch","line":10,"loc":{"start":{"line":10,"column":29},"end":{"line":24,"column":3}},"locations":[{"start":{"line":10,"column":29},"end":{"line":24,"column":3}}]},"2":{"type":"branch","line":11,"loc":{"start":{"line":11,"column":24},"end":{"line":11,"column":45}},"locations":[{"start":{"line":11,"column":24},"end":{"line":11,"column":45}}]},"3":{"type":"branch","line":11,"loc":{"start":{"line":11,"column":47},"end":{"line":13,"column":5}},"locations":[{"start":{"line":11,"column":47},"end":{"line":13,"column":5}}]},"4":{"type":"branch","line":13,"loc":{"start":{"line":13,"column":4},"end":{"line":14,"column":29}},"locations":[{"start":{"line":13,"column":4},"end":{"line":14,"column":29}}]},"5":{"type":"branch","line":14,"loc":{"start":{"line":14,"column":25},"end":{"line":14,"column":45}},"locations":[{"start":{"line":14,"column":25},"end":{"line":14,"column":45}}]},"6":{"type":"branch","line":14,"loc":{"start":{"line":14,"column":47},"end":{"line":16,"column":5}},"locations":[{"start":{"line":14,"column":47},"end":{"line":16,"column":5}}]},"7":{"type":"branch","line":16,"loc":{"start":{"line":16,"column":4},"end":{"line":17,"column":44}},"locations":[{"start":{"line":16,"column":4},"end":{"line":17,"column":44}}]},"8":{"type":"branch","line":17,"loc":{"start":{"line":17,"column":44},"end":{"line":17,"column":71}},"locations":[{"start":{"line":17,"column":44},"end":{"line":17,"column":71}}]},"9":{"type":"branch","line":17,"loc":{"start":{"line":17,"column":73},"end":{"line":20,"column":44}},"locations":[{"start":{"line":17,"column":73},"end":{"line":20,"column":44}}]},"10":{"type":"branch","line":20,"loc":{"start":{"line":20,"column":44},"end":{"line":20,"column":71}},"locations":[{"start":{"line":20,"column":44},"end":{"line":20,"column":71}}]},"11":{"type":"branch","line":20,"loc":{"start":{"line":20,"column":73},"end":{"line":22,"column":5}},"locations":[{"start":{"line":20,"column":73},"end":{"line":22,"column":5}}]},"12":{"type":"branch","line":22,"loc":{"start":{"line":22,"column":4},"end":{"line":24,"column":3}},"locations":[{"start":{"line":22,"column":4},"end":{"line":24,"column":3}}]},"13":{"type":"branch","line":28,"loc":{"start":{"line":28,"column":17},"end":{"line":45,"column":2}},"locations":[{"start":{"line":28,"column":17},"end":{"line":45,"column":2}}]},"14":{"type":"branch","line":29,"loc":{"start":{"line":29,"column":31},"end":{"line":43,"column":3}},"locations":[{"start":{"line":29,"column":31},"end":{"line":43,"column":3}}]},"15":{"type":"branch","line":30,"loc":{"start":{"line":30,"column":35},"end":{"line":32,"column":5}},"locations":[{"start":{"line":30,"column":35},"end":{"line":32,"column":5}}]},"16":{"type":"branch","line":32,"loc":{"start":{"line":32,"column":4},"end":{"line":33,"column":33}},"locations":[{"start":{"line":32,"column":4},"end":{"line":33,"column":33}}]},"17":{"type":"branch","line":33,"loc":{"start":{"line":33,"column":33},"end":{"line":35,"column":5}},"locations":[{"start":{"line":33,"column":33},"end":{"line":35,"column":5}}]},"18":{"type":"branch","line":35,"loc":{"start":{"line":35,"column":4},"end":{"line":36,"column":37}},"locations":[{"start":{"line":35,"column":4},"end":{"line":36,"column":37}}]},"19":{"type":"branch","line":36,"loc":{"start":{"line":36,"column":37},"end":{"line":41,"column":5}},"locations":[{"start":{"line":36,"column":37},"end":{"line":41,"column":5}}]},"20":{"type":"branch","line":41,"loc":{"start":{"line":41,"column":4},"end":{"line":43,"column":3}},"locations":[{"start":{"line":41,"column":4},"end":{"line":43,"column":3}}]},"21":{"type":"branch","line":47,"loc":{"start":{"line":47,"column":24},"end":{"line":47,"column":90}},"locations":[{"start":{"line":47,"column":24},"end":{"line":47,"column":90}}]},"22":{"type":"branch","line":49,"loc":{"start":{"line":49,"column":18},"end":{"line":49,"column":81}},"locations":[{"start":{"line":49,"column":18},"end":{"line":49,"column":81}}]},"23":{"type":"branch","line":51,"loc":{"start":{"line":51,"column":19},"end":{"line":51,"column":62}},"locations":[{"start":{"line":51,"column":19},"end":{"line":51,"column":62}}]},"24":{"type":"branch","line":53,"loc":{"start":{"line":53,"column":16},"end":{"line":57,"column":2}},"locations":[{"start":{"line":53,"column":16},"end":{"line":57,"column":2}}]}},"b":{"0":[1],"1":[5],"2":[4],"3":[2],"4":[3],"5":[1],"6":[1],"7":[2],"8":[2],"9":[1],"10":[1],"11":[1],"12":[0],"13":[1],"14":[5],"15":[2],"16":[3],"17":[1],"18":[2],"19":[1],"20":[0],"21":[2],"22":[2],"23":[2],"24":[1]},"fnMap":{"0":{"name":"getDiffInfo","decl":{"start":{"line":5,"column":20},"end":{"line":26,"column":2}},"loc":{"start":{"line":5,"column":20},"end":{"line":26,"column":2}},"line":5},"1":{"name":"getDiff","decl":{"start":{"line":28,"column":17},"end":{"line":45,"column":2}},"loc":{"start":{"line":28,"column":17},"end":{"line":45,"column":2}},"line":28},"2":{"name":"getAbsolutPath","decl":{"start":{"line":47,"column":24},"end":{"line":47,"column":90}},"loc":{"start":{"line":47,"column":24},"end":{"line":47,"column":90}},"line":47},"3":{"name":"readFile","decl":{"start":{"line":49,"column":18},"end":{"line":49,"column":81}},"loc":{"start":{"line":49,"column":18},"end":{"line":49,"column":81}},"line":49},"4":{"name":"getObject","decl":{"start":{"line":51,"column":19},"end":{"line":51,"column":62}},"loc":{"start":{"line":51,"column":19},"end":{"line":51,"column":62}},"line":51},"5":{"name":"genDiff","decl":{"start":{"line":53,"column":16},"end":{"line":57,"column":2}},"loc":{"start":{"line":53,"column":16},"end":{"line":57,"column":2}},"line":53}},"f":{"0":1,"1":1,"2":2,"3":2,"4":2,"5":1}}
}
