TN:
SF:src/index.js
FN:5,(anonymous_0)
FN:10,(anonymous_1)
FN:28,(anonymous_2)
FN:29,(anonymous_3)
FN:47,(anonymous_4)
FN:49,(anonymous_5)
FN:51,(anonymous_6)
FN:53,(anonymous_7)
FNF:8
FNH:8
FNDA:1,(anonymous_0)
FNDA:5,(anonymous_1)
FNDA:1,(anonymous_2)
FNDA:5,(anonymous_3)
FNDA:2,(anonymous_4)
FNDA:2,(anonymous_5)
FNDA:2,(anonymous_6)
FNDA:1,(anonymous_7)
DA:5,1
DA:6,1
DA:7,1
DA:8,1
DA:9,1
DA:10,1
DA:11,5
DA:12,2
DA:14,3
DA:15,1
DA:17,2
DA:18,1
DA:20,1
DA:21,1
DA:23,0
DA:25,1
DA:28,1
DA:29,1
DA:30,5
DA:31,2
DA:33,3
DA:34,1
DA:36,2
DA:37,1
DA:39,1
DA:40,1
DA:42,0
DA:44,1
DA:47,2
DA:49,2
DA:51,2
DA:53,1
DA:54,1
DA:55,1
DA:56,1
LF:35
LH:33
BRDA:11,0,0,2
BRDA:11,0,1,3
BRDA:11,1,0,5
BRDA:11,1,1,4
BRDA:14,2,0,1
BRDA:14,2,1,2
BRDA:14,3,0,3
BRDA:14,3,1,1
BRDA:17,4,0,1
BRDA:17,4,1,1
BRDA:17,5,0,2
BRDA:17,5,1,2
BRDA:17,5,2,2
BRDA:20,6,0,1
BRDA:20,6,1,0
BRDA:20,7,0,1
BRDA:20,7,1,1
BRDA:20,7,2,1
BRDA:30,8,0,2
BRDA:30,8,1,3
BRDA:33,9,0,1
BRDA:33,9,1,2
BRDA:36,10,0,1
BRDA:36,10,1,1
BRDA:39,11,0,1
BRDA:39,11,1,0
BRF:26
BRH:24
end_of_record
