TN:
SF:src/index.js
FN:5,getDiffInfo
FN:28,getDiff
FN:47,getAbsolutPath
FN:49,readFile
FN:51,getObject
FN:53,genDiff
FNF:6
FNH:6
FNDA:1,getDiffInfo
FNDA:1,getDiff
FNDA:2,getAbsolutPath
FNDA:2,readFile
FNDA:2,getObject
FNDA:1,genDiff
DA:1,1
DA:2,1
DA:3,1
DA:4,1
DA:5,1
DA:6,1
DA:7,1
DA:8,1
DA:9,1
DA:10,1
DA:11,5
DA:12,2
DA:13,2
DA:14,5
DA:15,1
DA:16,1
DA:17,5
DA:18,1
DA:19,1
DA:20,5
DA:21,1
DA:22,1
DA:23,0
DA:24,1
DA:25,1
DA:26,1
DA:27,1
DA:28,1
DA:29,1
DA:30,5
DA:31,2
DA:32,2
DA:33,5
DA:34,1
DA:35,1
DA:36,5
DA:37,1
DA:38,1
DA:39,1
DA:40,1
DA:41,1
DA:42,0
DA:43,1
DA:44,1
DA:45,1
DA:46,1
DA:47,1
DA:48,1
DA:49,1
DA:50,1
DA:51,1
DA:52,1
DA:53,1
DA:54,1
DA:55,1
DA:56,1
DA:57,1
DA:58,1
LF:58
LH:56
BRDA:5,0,0,1
BRDA:10,1,0,5
BRDA:11,2,0,4
BRDA:11,3,0,2
BRDA:13,4,0,3
BRDA:14,5,0,1
BRDA:14,6,0,1
BRDA:16,7,0,2
BRDA:17,8,0,2
BRDA:17,9,0,1
BRDA:20,10,0,1
BRDA:20,11,0,1
BRDA:22,12,0,0
BRDA:28,13,0,1
BRDA:29,14,0,5
BRDA:30,15,0,2
BRDA:32,16,0,3
BRDA:33,17,0,1
BRDA:35,18,0,2
BRDA:36,19,0,1
BRDA:41,20,0,0
BRDA:47,21,0,2
BRDA:49,22,0,2
BRDA:51,23,0,2
BRDA:53,24,0,1
BRF:25
BRH:23
end_of_record
